<?xml version="1.0" encoding="UTF-8"?>
<!-- Generated by org.testng.reporters.JUnitXMLReporter -->
<testsuite ignored="0" hostname="LTIN591586" failures="0" tests="4" name="Default test" time="25.2" errors="0" timestamp="2025-09-26T10:21:15 IST">
  <testcase classname="Project001.Project001.Cricbuzz" name="navigateToRankings" time="1.848"/>
  <testcase classname="Project001.Project001.Cricbuzz" name="goToTeamsTab" time="1.543"/>
  <testcase classname="Project001.Project001.Cricbuzz" name="scroll" time="1.084"/>
  <testcase classname="Project001.Project001.Cricbuzz" name="fetchTopTeams" time="5.662"/>
</testsuite> <!-- Default test -->
