<?xml version="1.0" encoding="UTF-8"?>
<!-- Generated by org.testng.reporters.JUnitXMLReporter -->
<testsuite ignored="0" hostname="LTIN591586" failures="0" tests="4" name="Test" time="17.989" errors="0" timestamp="2025-10-14T14:15:54 IST">
  <testcase classname="Project001.Project001.Cricbuzz" name="navigateToRankings" time="0.823"/>
  <testcase classname="Project001.Project001.Cricbuzz" name="goToTeamsTab" time="0.593"/>
  <testcase classname="Project001.Project001.Cricbuzz" name="scroll" time="1.017"/>
  <testcase classname="Project001.Project001.Cricbuzz" name="fetchTopTeams" time="4.916"/>
</testsuite> <!-- Test -->
